<?xml version="1.0" encoding="UTF-8"?>
<!-- Generated by org.testng.reporters.JUnitReportReporter -->
<testsuite hostname="DESKTOP-NK657CQ" failures="0" tests="1" name="testNGDemo.PropertiesFileDemo" time="0.029" errors="0" timestamp="2023-05-02T09:18:56 IST" skipped="0">
  <testcase classname="testNGDemo.PropertiesFileDemo" name="readfile" time="0.029"/>
  <system-out/>
</testsuite> <!-- testNGDemo.PropertiesFileDemo -->
