<?xml version="1.0" encoding="UTF-8"?>
<!-- Generated by org.testng.reporters.JUnitReportReporter -->
<testsuite hostname="DESKTOP-NK657CQ" failures="0" tests="2" name="testNGDemo.TestDemo1" time="0.023" errors="0" timestamp="2023-04-23T11:58:58 IST" skipped="0">
  <testcase classname="testNGDemo.TestDemo1" name="testcase1" time="0.018"/>
  <system-out/>
  <testcase classname="testNGDemo.TestDemo1" name="testcase2" time="0.005"/>
  <system-out/>
</testsuite> <!-- testNGDemo.TestDemo1 -->
