<?xml version="1.0" encoding="UTF-8"?>
<!-- Generated by org.testng.reporters.JUnitReportReporter -->
<testsuite hostname="DESKTOP-NK657CQ" failures="0" tests="1" name="DataDrivenTest.ScreenshotDemo" time="7.039" errors="0" timestamp="2023-05-03T11:40:14 IST" skipped="0">
  <testcase classname="DataDrivenTest.ScreenshotDemo" name="capture" time="7.039"/>
  <system-out/>
</testsuite> <!-- DataDrivenTest.ScreenshotDemo -->
