<?xml version="1.0" encoding="UTF-8"?>
<!-- Generated by org.testng.reporters.JUnitReportReporter -->
<testsuite hostname="DESKTOP-NK657CQ" failures="0" tests="1" name="testNGDemo.JavaScriptExecutorDemo" time="7.544" errors="0" timestamp="2023-04-24T18:58:30 IST" skipped="0">
  <testcase classname="testNGDemo.JavaScriptExecutorDemo" name="amazonScroll" time="7.544"/>
  <system-out/>
</testsuite> <!-- testNGDemo.JavaScriptExecutorDemo -->
