<?xml version="1.0" encoding="UTF-8"?>
<!-- Generated by org.testng.reporters.JUnitReportReporter -->
<testsuite hostname="DESKTOP-NK657CQ" failures="0" tests="1" name="testNGDemo.CrossBrowserTest" time="6.518" errors="0" timestamp="2023-05-02T11:33:26 IST" skipped="0">
  <testcase classname="testNGDemo.CrossBrowserTest" name="tsetOnBrowser" time="6.518"/>
  <system-out/>
</testsuite> <!-- testNGDemo.CrossBrowserTest -->
