<?xml version="1.0" encoding="UTF-8"?>
<!-- Generated by org.testng.reporters.JUnitReportReporter -->
<testsuite hostname="DESKTOP-NK657CQ" failures="0" tests="2" name="testNGDemo.BrowserTest" time="14.759" errors="0" timestamp="2023-05-02T09:44:15 IST" skipped="0">
  <testcase classname="testNGDemo.BrowserTest" name="ChromeTest" time="5.119"/>
  <system-out/>
  <testcase classname="testNGDemo.BrowserTest" name="EdgeTest" time="9.640"/>
  <system-out/>
</testsuite> <!-- testNGDemo.BrowserTest -->
