<?xml version="1.0" encoding="UTF-8"?>
<!-- Generated by org.testng.reporters.JUnitReportReporter -->
<testsuite hostname="DESKTOP-NK657CQ" failures="0" tests="1" name="testNGDemo.XmlDataPassingDemo1" time="0.020" errors="0" timestamp="2023-04-30T12:32:27 IST" skipped="0">
  <testcase classname="testNGDemo.XmlDataPassingDemo1" name="testcase" time="0.020"/>
  <system-out/>
</testsuite> <!-- testNGDemo.XmlDataPassingDemo1 -->
