<?xml version="1.0" encoding="UTF-8"?>
<!-- Generated by org.testng.reporters.JUnitReportReporter -->
<testsuite hostname="DESKTOP-NK657CQ" failures="0" tests="6" name="testNGDemo.TestDemo2" time="0.027" errors="0" timestamp="2023-04-23T12:37:31 IST" skipped="1">
  <testcase classname="testNGDemo.TestDemo2" name="register" time="0.018"/>
  <system-out/>
  <testcase classname="testNGDemo.TestDemo2" name="login" time="0.002"/>
  <system-out/>
  <testcase classname="testNGDemo.TestDemo2" name="login" time="0.002"/>
  <system-out/>
  <testcase classname="testNGDemo.TestDemo2" name="login" time="0.002"/>
  <system-out/>
  <testcase classname="testNGDemo.TestDemo2" name="search" time="0.003"/>
  <system-out/>
  <testcase classname="testNGDemo.TestDemo2" name="addtocart">
    <skipped/>
  </testcase> <!-- addtocart -->
  <system-out/>
</testsuite> <!-- testNGDemo.TestDemo2 -->
