<?xml version="1.0" encoding="UTF-8"?>
<!-- Generated by org.testng.reporters.JUnitReportReporter -->
<testsuite hostname="DESKTOP-NK657CQ" failures="0" tests="1" name="testNGDemo.AssertionDemo" time="0.025" errors="0" timestamp="2023-05-02T12:06:39 IST" skipped="0">
  <testcase classname="testNGDemo.AssertionDemo" name="hardAssertTest" time="0.025"/>
  <system-out/>
</testsuite> <!-- testNGDemo.AssertionDemo -->
